This is pdfTeX, Version 3.14159265-2.6-1.40.16 (TeX Live 2015) (preloaded format=pdflatex 2015.6.25)  8 MAR 2020 17:16
entering extended mode
 restricted \write18 enabled.
 %&-line parsing enabled.
**unswthesiold.tex
(./unswthesiold.tex
LaTeX2e <2015/01/01>
Babel <3.9l> and hyphenation patterns for 2 languages loaded.
(/usr/local/texlive/2015/texmf-dist/tex/latex/base/book.cls
Document Class: book 2014/09/29 v1.4h Standard LaTeX document class
(/usr/local/texlive/2015/texmf-dist/tex/latex/base/bk11.clo
File: bk11.clo 2014/09/29 v1.4h Standard LaTeX file (size option)
)
\c@part=\count79
\c@chapter=\count80
\c@section=\count81
\c@subsection=\count82
\c@subsubsection=\count83
\c@paragraph=\count84
\c@subparagraph=\count85
\c@figure=\count86
\c@table=\count87
\abovecaptionskip=\skip41
\belowcaptionskip=\skip42
\bibindent=\dimen102
)
(/usr/local/texlive/2015/texmf-dist/tex/latex/booktabs/booktabs.sty
Package: booktabs 2005/04/14 v1.61803 publication quality tables
\heavyrulewidth=\dimen103
\lightrulewidth=\dimen104
\cmidrulewidth=\dimen105
\belowrulesep=\dimen106
\belowbottomsep=\dimen107
\aboverulesep=\dimen108
\abovetopsep=\dimen109
\cmidrulesep=\dimen110
\cmidrulekern=\dimen111
\defaultaddspace=\dimen112
\@cmidla=\count88
\@cmidlb=\count89
\@aboverulesep=\dimen113
\@belowrulesep=\dimen114
\@thisruleclass=\count90
\@lastruleclass=\count91
\@thisrulewidth=\dimen115
)
(/usr/local/texlive/2015/texmf-dist/tex/latex/graphics/graphicx.sty
Package: graphicx 2014/10/28 v1.0g Enhanced LaTeX Graphics (DPC,SPQR)

(/usr/local/texlive/2015/texmf-dist/tex/latex/graphics/keyval.sty
Package: keyval 2014/10/28 v1.15 key=value parser (DPC)
\KV@toks@=\toks14
)
(/usr/local/texlive/2015/texmf-dist/tex/latex/graphics/graphics.sty
Package: graphics 2014/10/28 v1.0p Standard LaTeX Graphics (DPC,SPQR)

(/usr/local/texlive/2015/texmf-dist/tex/latex/graphics/trig.sty
Package: trig 1999/03/16 v1.09 sin cos tan (DPC)
)
(/usr/local/texlive/2015/texmf-dist/tex/latex/latexconfig/graphics.cfg
File: graphics.cfg 2010/04/23 v1.9 graphics configuration of TeX Live
)
Package graphics Info: Driver file: pdftex.def on input line 94.

(/usr/local/texlive/2015/texmf-dist/tex/latex/pdftex-def/pdftex.def
File: pdftex.def 2011/05/27 v0.06d Graphics/color for pdfTeX

(/usr/local/texlive/2015/texmf-dist/tex/generic/oberdiek/infwarerr.sty
Package: infwarerr 2010/04/08 v1.3 Providing info/warning/error messages (HO)
)
(/usr/local/texlive/2015/texmf-dist/tex/generic/oberdiek/ltxcmds.sty
Package: ltxcmds 2011/11/09 v1.22 LaTeX kernel commands for general use (HO)
)
\Gread@gobject=\count92
))
\Gin@req@height=\dimen116
\Gin@req@width=\dimen117
)
(/usr/local/texlive/2015/texmf-dist/tex/generic/oberdiek/ifpdf.sty
Package: ifpdf 2011/01/30 v2.3 Provides the ifpdf switch (HO)
Package ifpdf Info: pdfTeX in PDF mode is detected.
)
(/usr/local/texlive/2015/texmf-dist/tex/latex/xcolor/xcolor.sty
Package: xcolor 2007/01/21 v2.11 LaTeX color extensions (UK)

(/usr/local/texlive/2015/texmf-dist/tex/latex/latexconfig/color.cfg
File: color.cfg 2007/01/18 v1.5 color configuration of teTeX/TeXLive
)
Package xcolor Info: Driver file: pdftex.def on input line 225.
Package xcolor Info: Model `cmy' substituted by `cmy0' on input line 1337.
Package xcolor Info: Model `hsb' substituted by `rgb' on input line 1341.
Package xcolor Info: Model `RGB' extended on input line 1353.
Package xcolor Info: Model `HTML' substituted by `rgb' on input line 1355.
Package xcolor Info: Model `Hsb' substituted by `hsb' on input line 1356.
Package xcolor Info: Model `tHsb' substituted by `hsb' on input line 1357.
Package xcolor Info: Model `HSB' substituted by `hsb' on input line 1358.
Package xcolor Info: Model `Gray' substituted by `gray' on input line 1359.
Package xcolor Info: Model `wave' substituted by `hsb' on input line 1360.
)
(/usr/local/texlive/2015/texmf-dist/tex/latex/titlesec/titlesec.sty
Package: titlesec 2011/12/15 v2.10.0 Sectioning titles
\ttl@box=\box26
\beforetitleunit=\skip43
\aftertitleunit=\skip44
\ttl@plus=\dimen118
\ttl@minus=\dimen119
\ttl@toksa=\toks15
\titlewidth=\dimen120
\titlewidthlast=\dimen121
\titlewidthfirst=\dimen122
)
(/usr/local/texlive/2015/texmf-dist/tex/latex/fancyhdr/fancyhdr.sty
\fancy@headwidth=\skip45
\f@ncyO@elh=\skip46
\f@ncyO@erh=\skip47
\f@ncyO@olh=\skip48
\f@ncyO@orh=\skip49
\f@ncyO@elf=\skip50
\f@ncyO@erf=\skip51
\f@ncyO@olf=\skip52
\f@ncyO@orf=\skip53
)
(/usr/local/texlive/2015/texmf-dist/tex/latex/lm/lmodern.sty
Package: lmodern 2009/10/30 v1.6 Latin Modern Fonts
LaTeX Font Info:    Overwriting symbol font `operators' in version `normal'
(Font)                  OT1/cmr/m/n --> OT1/lmr/m/n on input line 22.
LaTeX Font Info:    Overwriting symbol font `letters' in version `normal'
(Font)                  OML/cmm/m/it --> OML/lmm/m/it on input line 23.
LaTeX Font Info:    Overwriting symbol font `symbols' in version `normal'
(Font)                  OMS/cmsy/m/n --> OMS/lmsy/m/n on input line 24.
LaTeX Font Info:    Overwriting symbol font `largesymbols' in version `normal'
(Font)                  OMX/cmex/m/n --> OMX/lmex/m/n on input line 25.
LaTeX Font Info:    Overwriting symbol font `operators' in version `bold'
(Font)                  OT1/cmr/bx/n --> OT1/lmr/bx/n on input line 26.
LaTeX Font Info:    Overwriting symbol font `letters' in version `bold'
(Font)                  OML/cmm/b/it --> OML/lmm/b/it on input line 27.
LaTeX Font Info:    Overwriting symbol font `symbols' in version `bold'
(Font)                  OMS/cmsy/b/n --> OMS/lmsy/b/n on input line 28.
LaTeX Font Info:    Overwriting symbol font `largesymbols' in version `bold'
(Font)                  OMX/cmex/m/n --> OMX/lmex/m/n on input line 29.
LaTeX Font Info:    Overwriting math alphabet `\mathbf' in version `normal'
(Font)                  OT1/cmr/bx/n --> OT1/lmr/bx/n on input line 31.
LaTeX Font Info:    Overwriting math alphabet `\mathsf' in version `normal'
(Font)                  OT1/cmss/m/n --> OT1/lmss/m/n on input line 32.
LaTeX Font Info:    Overwriting math alphabet `\mathit' in version `normal'
(Font)                  OT1/cmr/m/it --> OT1/lmr/m/it on input line 33.
LaTeX Font Info:    Overwriting math alphabet `\mathtt' in version `normal'
(Font)                  OT1/cmtt/m/n --> OT1/lmtt/m/n on input line 34.
LaTeX Font Info:    Overwriting math alphabet `\mathbf' in version `bold'
(Font)                  OT1/cmr/bx/n --> OT1/lmr/bx/n on input line 35.
LaTeX Font Info:    Overwriting math alphabet `\mathsf' in version `bold'
(Font)                  OT1/cmss/bx/n --> OT1/lmss/bx/n on input line 36.
LaTeX Font Info:    Overwriting math alphabet `\mathit' in version `bold'
(Font)                  OT1/cmr/bx/it --> OT1/lmr/bx/it on input line 37.
LaTeX Font Info:    Overwriting math alphabet `\mathtt' in version `bold'
(Font)                  OT1/cmtt/m/n --> OT1/lmtt/m/n on input line 38.
)
(/usr/local/texlive/2015/texmf-dist/tex/latex/pgf/basiclayer/pgf.sty
(/usr/local/texlive/2015/texmf-dist/tex/latex/pgf/utilities/pgfrcs.sty
(/usr/local/texlive/2015/texmf-dist/tex/generic/pgf/utilities/pgfutil-common.te
x
\pgfutil@everybye=\toks16
\pgfutil@tempdima=\dimen123
\pgfutil@tempdimb=\dimen124

(/usr/local/texlive/2015/texmf-dist/tex/generic/pgf/utilities/pgfutil-common-li
sts.tex))
(/usr/local/texlive/2015/texmf-dist/tex/generic/pgf/utilities/pgfutil-latex.def
\pgfutil@abb=\box27
(/usr/local/texlive/2015/texmf-dist/tex/latex/ms/everyshi.sty
Package: everyshi 2001/05/15 v3.00 EveryShipout Package (MS)
))
(/usr/local/texlive/2015/texmf-dist/tex/generic/pgf/utilities/pgfrcs.code.tex
Package: pgfrcs 2013/12/20 v3.0.0 (rcs-revision 1.28)
))
Package: pgf 2013/12/18 v3.0.0 (rcs-revision 1.14)
(/usr/local/texlive/2015/texmf-dist/tex/latex/pgf/basiclayer/pgfcore.sty
(/usr/local/texlive/2015/texmf-dist/tex/latex/pgf/systemlayer/pgfsys.sty
(/usr/local/texlive/2015/texmf-dist/tex/generic/pgf/systemlayer/pgfsys.code.tex
Package: pgfsys 2013/11/30 v3.0.0 (rcs-revision 1.47)
(/usr/local/texlive/2015/texmf-dist/tex/generic/pgf/utilities/pgfkeys.code.tex
\pgfkeys@pathtoks=\toks17
\pgfkeys@temptoks=\toks18

(/usr/local/texlive/2015/texmf-dist/tex/generic/pgf/utilities/pgfkeysfiltered.c
ode.tex
\pgfkeys@tmptoks=\toks19
))
\pgf@x=\dimen125
\pgf@y=\dimen126
\pgf@xa=\dimen127
\pgf@ya=\dimen128
\pgf@xb=\dimen129
\pgf@yb=\dimen130
\pgf@xc=\dimen131
\pgf@yc=\dimen132
\w@pgf@writea=\write3
\r@pgf@reada=\read1
\c@pgf@counta=\count93
\c@pgf@countb=\count94
\c@pgf@countc=\count95
\c@pgf@countd=\count96
\t@pgf@toka=\toks20
\t@pgf@tokb=\toks21
\t@pgf@tokc=\toks22

(/usr/local/texlive/2015/texmf-dist/tex/generic/pgf/systemlayer/pgf.cfg
File: pgf.cfg 2008/05/14  (rcs-revision 1.7)
)
Driver file for pgf: pgfsys-pdftex.def

(/usr/local/texlive/2015/texmf-dist/tex/generic/pgf/systemlayer/pgfsys-pdftex.d
ef
File: pgfsys-pdftex.def 2013/07/18  (rcs-revision 1.33)

(/usr/local/texlive/2015/texmf-dist/tex/generic/pgf/systemlayer/pgfsys-common-p
df.def
File: pgfsys-common-pdf.def 2013/10/10  (rcs-revision 1.13)
)))
(/usr/local/texlive/2015/texmf-dist/tex/generic/pgf/systemlayer/pgfsyssoftpath.
code.tex
File: pgfsyssoftpath.code.tex 2013/09/09  (rcs-revision 1.9)
\pgfsyssoftpath@smallbuffer@items=\count97
\pgfsyssoftpath@bigbuffer@items=\count98
)
(/usr/local/texlive/2015/texmf-dist/tex/generic/pgf/systemlayer/pgfsysprotocol.
code.tex
File: pgfsysprotocol.code.tex 2006/10/16  (rcs-revision 1.4)
))
(/usr/local/texlive/2015/texmf-dist/tex/generic/pgf/basiclayer/pgfcore.code.tex
Package: pgfcore 2010/04/11 v3.0.0 (rcs-revision 1.7)
(/usr/local/texlive/2015/texmf-dist/tex/generic/pgf/math/pgfmath.code.tex
(/usr/local/texlive/2015/texmf-dist/tex/generic/pgf/math/pgfmathcalc.code.tex
(/usr/local/texlive/2015/texmf-dist/tex/generic/pgf/math/pgfmathutil.code.tex)
(/usr/local/texlive/2015/texmf-dist/tex/generic/pgf/math/pgfmathparser.code.tex
\pgfmath@dimen=\dimen133
\pgfmath@count=\count99
\pgfmath@box=\box28
\pgfmath@toks=\toks23
\pgfmath@stack@operand=\toks24
\pgfmath@stack@operation=\toks25
)
(/usr/local/texlive/2015/texmf-dist/tex/generic/pgf/math/pgfmathfunctions.code.
tex
(/usr/local/texlive/2015/texmf-dist/tex/generic/pgf/math/pgfmathfunctions.basic
.code.tex)
(/usr/local/texlive/2015/texmf-dist/tex/generic/pgf/math/pgfmathfunctions.trigo
nometric.code.tex)
(/usr/local/texlive/2015/texmf-dist/tex/generic/pgf/math/pgfmathfunctions.rando
m.code.tex)
(/usr/local/texlive/2015/texmf-dist/tex/generic/pgf/math/pgfmathfunctions.compa
rison.code.tex)
(/usr/local/texlive/2015/texmf-dist/tex/generic/pgf/math/pgfmathfunctions.base.
code.tex)
(/usr/local/texlive/2015/texmf-dist/tex/generic/pgf/math/pgfmathfunctions.round
.code.tex)
(/usr/local/texlive/2015/texmf-dist/tex/generic/pgf/math/pgfmathfunctions.misc.
code.tex)
(/usr/local/texlive/2015/texmf-dist/tex/generic/pgf/math/pgfmathfunctions.integ
erarithmetics.code.tex)))
(/usr/local/texlive/2015/texmf-dist/tex/generic/pgf/math/pgfmathfloat.code.tex
\c@pgfmathroundto@lastzeros=\count100
))
(/usr/local/texlive/2015/texmf-dist/tex/generic/pgf/basiclayer/pgfcorepoints.co
de.tex
File: pgfcorepoints.code.tex 2013/10/07  (rcs-revision 1.27)
\pgf@picminx=\dimen134
\pgf@picmaxx=\dimen135
\pgf@picminy=\dimen136
\pgf@picmaxy=\dimen137
\pgf@pathminx=\dimen138
\pgf@pathmaxx=\dimen139
\pgf@pathminy=\dimen140
\pgf@pathmaxy=\dimen141
\pgf@xx=\dimen142
\pgf@xy=\dimen143
\pgf@yx=\dimen144
\pgf@yy=\dimen145
\pgf@zx=\dimen146
\pgf@zy=\dimen147
)
(/usr/local/texlive/2015/texmf-dist/tex/generic/pgf/basiclayer/pgfcorepathconst
ruct.code.tex
File: pgfcorepathconstruct.code.tex 2013/10/07  (rcs-revision 1.29)
\pgf@path@lastx=\dimen148
\pgf@path@lasty=\dimen149
)
(/usr/local/texlive/2015/texmf-dist/tex/generic/pgf/basiclayer/pgfcorepathusage
.code.tex
File: pgfcorepathusage.code.tex 2013/12/13  (rcs-revision 1.23)
\pgf@shorten@end@additional=\dimen150
\pgf@shorten@start@additional=\dimen151
)
(/usr/local/texlive/2015/texmf-dist/tex/generic/pgf/basiclayer/pgfcorescopes.co
de.tex
File: pgfcorescopes.code.tex 2013/10/09  (rcs-revision 1.44)
\pgfpic=\box29
\pgf@hbox=\box30
\pgf@layerbox@main=\box31
\pgf@picture@serial@count=\count101
)
(/usr/local/texlive/2015/texmf-dist/tex/generic/pgf/basiclayer/pgfcoregraphicst
ate.code.tex
File: pgfcoregraphicstate.code.tex 2013/09/19  (rcs-revision 1.11)
\pgflinewidth=\dimen152
)
(/usr/local/texlive/2015/texmf-dist/tex/generic/pgf/basiclayer/pgfcoretransform
ations.code.tex
File: pgfcoretransformations.code.tex 2013/10/10  (rcs-revision 1.17)
\pgf@pt@x=\dimen153
\pgf@pt@y=\dimen154
\pgf@pt@temp=\dimen155
)
(/usr/local/texlive/2015/texmf-dist/tex/generic/pgf/basiclayer/pgfcorequick.cod
e.tex
File: pgfcorequick.code.tex 2008/10/09  (rcs-revision 1.3)
)
(/usr/local/texlive/2015/texmf-dist/tex/generic/pgf/basiclayer/pgfcoreobjects.c
ode.tex
File: pgfcoreobjects.code.tex 2006/10/11  (rcs-revision 1.2)
)
(/usr/local/texlive/2015/texmf-dist/tex/generic/pgf/basiclayer/pgfcorepathproce
ssing.code.tex
File: pgfcorepathprocessing.code.tex 2013/09/09  (rcs-revision 1.9)
)
(/usr/local/texlive/2015/texmf-dist/tex/generic/pgf/basiclayer/pgfcorearrows.co
de.tex
File: pgfcorearrows.code.tex 2013/11/07  (rcs-revision 1.40)
\pgfarrowsep=\dimen156
)
(/usr/local/texlive/2015/texmf-dist/tex/generic/pgf/basiclayer/pgfcoreshade.cod
e.tex
File: pgfcoreshade.code.tex 2013/07/15  (rcs-revision 1.15)
\pgf@max=\dimen157
\pgf@sys@shading@range@num=\count102
)
(/usr/local/texlive/2015/texmf-dist/tex/generic/pgf/basiclayer/pgfcoreimage.cod
e.tex
File: pgfcoreimage.code.tex 2013/07/15  (rcs-revision 1.18)

(/usr/local/texlive/2015/texmf-dist/tex/generic/pgf/basiclayer/pgfcoreexternal.
code.tex
File: pgfcoreexternal.code.tex 2013/07/15  (rcs-revision 1.20)
\pgfexternal@startupbox=\box32
))
(/usr/local/texlive/2015/texmf-dist/tex/generic/pgf/basiclayer/pgfcorelayers.co
de.tex
File: pgfcorelayers.code.tex 2013/07/18  (rcs-revision 1.7)
)
(/usr/local/texlive/2015/texmf-dist/tex/generic/pgf/basiclayer/pgfcoretranspare
ncy.code.tex
File: pgfcoretransparency.code.tex 2013/09/30  (rcs-revision 1.5)
)
(/usr/local/texlive/2015/texmf-dist/tex/generic/pgf/basiclayer/pgfcorepatterns.
code.tex
File: pgfcorepatterns.code.tex 2013/11/07  (rcs-revision 1.5)
)))
(/usr/local/texlive/2015/texmf-dist/tex/generic/pgf/modules/pgfmoduleshapes.cod
e.tex
File: pgfmoduleshapes.code.tex 2013/10/31  (rcs-revision 1.34)
\pgfnodeparttextbox=\box33
)
(/usr/local/texlive/2015/texmf-dist/tex/generic/pgf/modules/pgfmoduleplot.code.
tex
File: pgfmoduleplot.code.tex 2013/07/31  (rcs-revision 1.12)
)) (/usr/local/texlive/2015/texmf-dist/tex/latex/pgf/frontendlayer/tikz.sty
(/usr/local/texlive/2015/texmf-dist/tex/latex/pgf/utilities/pgffor.sty
(/usr/local/texlive/2015/texmf-dist/tex/latex/pgf/utilities/pgfkeys.sty
(/usr/local/texlive/2015/texmf-dist/tex/generic/pgf/utilities/pgfkeys.code.tex)
) (/usr/local/texlive/2015/texmf-dist/tex/latex/pgf/math/pgfmath.sty
(/usr/local/texlive/2015/texmf-dist/tex/generic/pgf/math/pgfmath.code.tex))
(/usr/local/texlive/2015/texmf-dist/tex/generic/pgf/utilities/pgffor.code.tex
Package: pgffor 2013/12/13 v3.0.0 (rcs-revision 1.25)

(/usr/local/texlive/2015/texmf-dist/tex/generic/pgf/math/pgfmath.code.tex)
\pgffor@iter=\dimen158
\pgffor@skip=\dimen159
\pgffor@stack=\toks26
\pgffor@toks=\toks27
))
(/usr/local/texlive/2015/texmf-dist/tex/generic/pgf/frontendlayer/tikz/tikz.cod
e.tex
Package: tikz 2013/12/13 v3.0.0 (rcs-revision 1.142)

(/usr/local/texlive/2015/texmf-dist/tex/generic/pgf/libraries/pgflibraryplothan
dlers.code.tex
File: pgflibraryplothandlers.code.tex 2013/08/31 v3.0.0 (rcs-revision 1.20)
\pgf@plot@mark@count=\count103
\pgfplotmarksize=\dimen160
)
\tikz@lastx=\dimen161
\tikz@lasty=\dimen162
\tikz@lastxsaved=\dimen163
\tikz@lastysaved=\dimen164
\tikzleveldistance=\dimen165
\tikzsiblingdistance=\dimen166
\tikz@figbox=\box34
\tikz@figbox@bg=\box35
\tikz@tempbox=\box36
\tikz@tempbox@bg=\box37
\tikztreelevel=\count104
\tikznumberofchildren=\count105
\tikznumberofcurrentchild=\count106
\tikz@fig@count=\count107

(/usr/local/texlive/2015/texmf-dist/tex/generic/pgf/modules/pgfmodulematrix.cod
e.tex
File: pgfmodulematrix.code.tex 2013/09/17  (rcs-revision 1.8)
\pgfmatrixcurrentrow=\count108
\pgfmatrixcurrentcolumn=\count109
\pgf@matrix@numberofcolumns=\count110
)
\tikz@expandcount=\count111

(/usr/local/texlive/2015/texmf-dist/tex/generic/pgf/frontendlayer/tikz/librarie
s/tikzlibrarytopaths.code.tex
File: tikzlibrarytopaths.code.tex 2008/06/17 v3.0.0 (rcs-revision 1.2)
)))
(/usr/local/texlive/2015/texmf-dist/tex/latex/hyperref/hyperref.sty
Package: hyperref 2012/11/06 v6.83m Hypertext links for LaTeX

(/usr/local/texlive/2015/texmf-dist/tex/generic/oberdiek/hobsub-hyperref.sty
Package: hobsub-hyperref 2012/05/28 v1.13 Bundle oberdiek, subset hyperref (HO)


(/usr/local/texlive/2015/texmf-dist/tex/generic/oberdiek/hobsub-generic.sty
Package: hobsub-generic 2012/05/28 v1.13 Bundle oberdiek, subset generic (HO)
Package: hobsub 2012/05/28 v1.13 Construct package bundles (HO)
Package hobsub Info: Skipping package `infwarerr' (already loaded).
Package hobsub Info: Skipping package `ltxcmds' (already loaded).
Package: ifluatex 2010/03/01 v1.3 Provides the ifluatex switch (HO)
Package ifluatex Info: LuaTeX not detected.
Package: ifvtex 2010/03/01 v1.5 Detect VTeX and its facilities (HO)
Package ifvtex Info: VTeX not detected.
Package: intcalc 2007/09/27 v1.1 Expandable calculations with integers (HO)
Package hobsub Info: Skipping package `ifpdf' (already loaded).
Package: etexcmds 2011/02/16 v1.5 Avoid name clashes with e-TeX commands (HO)
Package etexcmds Info: Could not find \expanded.
(etexcmds)             That can mean that you are not using pdfTeX 1.50 or
(etexcmds)             that some package has redefined \expanded.
(etexcmds)             In the latter case, load this package earlier.
Package: kvsetkeys 2012/04/25 v1.16 Key value parser (HO)
Package: kvdefinekeys 2011/04/07 v1.3 Define keys (HO)
Package: pdftexcmds 2011/11/29 v0.20 Utility functions of pdfTeX for LuaTeX (HO
)
Package pdftexcmds Info: LuaTeX not detected.
Package pdftexcmds Info: \pdf@primitive is available.
Package pdftexcmds Info: \pdf@ifprimitive is available.
Package pdftexcmds Info: \pdfdraftmode found.
Package: pdfescape 2011/11/25 v1.13 Implements pdfTeX's escape features (HO)
Package: bigintcalc 2012/04/08 v1.3 Expandable calculations on big integers (HO
)
Package: bitset 2011/01/30 v1.1 Handle bit-vector datatype (HO)
Package: uniquecounter 2011/01/30 v1.2 Provide unlimited unique counter (HO)
)
Package hobsub Info: Skipping package `hobsub' (already loaded).
Package: letltxmacro 2010/09/02 v1.4 Let assignment for LaTeX macros (HO)
Package: hopatch 2012/05/28 v1.2 Wrapper for package hooks (HO)
Package: xcolor-patch 2011/01/30 xcolor patch
Package: atveryend 2011/06/30 v1.8 Hooks at the very end of document (HO)
Package atveryend Info: \enddocument detected (standard20110627).
Package: atbegshi 2011/10/05 v1.16 At begin shipout hook (HO)
Package: refcount 2011/10/16 v3.4 Data extraction from label references (HO)
Package: hycolor 2011/01/30 v1.7 Color options for hyperref/bookmark (HO)
)
(/usr/local/texlive/2015/texmf-dist/tex/generic/ifxetex/ifxetex.sty
Package: ifxetex 2010/09/12 v0.6 Provides ifxetex conditional
)
(/usr/local/texlive/2015/texmf-dist/tex/latex/oberdiek/auxhook.sty
Package: auxhook 2011/03/04 v1.3 Hooks for auxiliary files (HO)
)
(/usr/local/texlive/2015/texmf-dist/tex/latex/oberdiek/kvoptions.sty
Package: kvoptions 2011/06/30 v3.11 Key value format for package options (HO)
)
\@linkdim=\dimen167
\Hy@linkcounter=\count112
\Hy@pagecounter=\count113

(/usr/local/texlive/2015/texmf-dist/tex/latex/hyperref/pd1enc.def
File: pd1enc.def 2012/11/06 v6.83m Hyperref: PDFDocEncoding definition (HO)
)
\Hy@SavedSpaceFactor=\count114

(/usr/local/texlive/2015/texmf-dist/tex/latex/latexconfig/hyperref.cfg
File: hyperref.cfg 2002/06/06 v1.2 hyperref configuration of TeXLive
)
Package hyperref Info: Hyper figures OFF on input line 4443.
Package hyperref Info: Link nesting OFF on input line 4448.
Package hyperref Info: Hyper index ON on input line 4451.
Package hyperref Info: Plain pages OFF on input line 4458.
Package hyperref Info: Backreferencing OFF on input line 4463.
Package hyperref Info: Implicit mode ON; LaTeX internals redefined.
Package hyperref Info: Bookmarks ON on input line 4688.
\c@Hy@tempcnt=\count115

(/usr/local/texlive/2015/texmf-dist/tex/latex/url/url.sty
\Urlmuskip=\muskip10
Package: url 2013/09/16  ver 3.4  Verb mode for urls, etc.
)
LaTeX Info: Redefining \url on input line 5041.
\XeTeXLinkMargin=\dimen168
\Fld@menulength=\count116
\Field@Width=\dimen169
\Fld@charsize=\dimen170
Package hyperref Info: Hyper figures OFF on input line 6295.
Package hyperref Info: Link nesting OFF on input line 6300.
Package hyperref Info: Hyper index ON on input line 6303.
Package hyperref Info: backreferencing OFF on input line 6310.
Package hyperref Info: Link coloring OFF on input line 6315.
Package hyperref Info: Link coloring with OCG OFF on input line 6320.
Package hyperref Info: PDF/A mode OFF on input line 6325.
LaTeX Info: Redefining \ref on input line 6365.
LaTeX Info: Redefining \pageref on input line 6369.
\Hy@abspage=\count117
\c@Item=\count118
\c@Hfootnote=\count119
)

Package hyperref Message: Driver (autodetected): hpdftex.

(/usr/local/texlive/2015/texmf-dist/tex/latex/hyperref/hpdftex.def
File: hpdftex.def 2012/11/06 v6.83m Hyperref driver for pdfTeX
\Fld@listcount=\count120
\c@bookmark@seq@number=\count121

(/usr/local/texlive/2015/texmf-dist/tex/latex/oberdiek/rerunfilecheck.sty
Package: rerunfilecheck 2011/04/15 v1.7 Rerun checks for auxiliary files (HO)
Package uniquecounter Info: New unique counter `rerunfilecheck' on input line 2
82.
)
\Hy@SectionHShift=\skip54
)
(/usr/local/texlive/2015/texmf-dist/tex/latex/setspace/setspace.sty
Package: setspace 2011/12/19 v6.7a set line spacing
)
(/usr/local/texlive/2015/texmf-dist/tex/latex/float/float.sty
Package: float 2001/11/08 v1.3d Float enhancements (AL)
\c@float@type=\count122
\float@exts=\toks28
\float@box=\box38
\@float@everytoks=\toks29
\@floatcapt=\box39
)
Package hyperref Info: Option `colorlinks' set `true' on input line 21.


LaTeX Warning: Unused global option(s):
    [left=2cm,bottom=2cm].

(./unswthesiold.aux)
\openout1 = `unswthesiold.aux'.

LaTeX Font Info:    Checking defaults for OML/cmm/m/it on input line 24.
LaTeX Font Info:    ... okay on input line 24.
LaTeX Font Info:    Checking defaults for T1/cmr/m/n on input line 24.
LaTeX Font Info:    ... okay on input line 24.
LaTeX Font Info:    Checking defaults for OT1/cmr/m/n on input line 24.
LaTeX Font Info:    ... okay on input line 24.
LaTeX Font Info:    Checking defaults for OMS/cmsy/m/n on input line 24.
LaTeX Font Info:    ... okay on input line 24.
LaTeX Font Info:    Checking defaults for OMX/cmex/m/n on input line 24.
LaTeX Font Info:    ... okay on input line 24.
LaTeX Font Info:    Checking defaults for U/cmr/m/n on input line 24.
LaTeX Font Info:    ... okay on input line 24.
LaTeX Font Info:    Checking defaults for PD1/pdf/m/n on input line 24.
LaTeX Font Info:    ... okay on input line 24.
LaTeX Font Info:    Try loading font information for OT1+lmr on input line 24.
 (/usr/local/texlive/2015/texmf-dist/tex/latex/lm/ot1lmr.fd
File: ot1lmr.fd 2009/10/30 v1.6 Font defs for Latin Modern
) (/usr/local/texlive/2015/texmf-dist/tex/context/base/supp-pdf.mkii
[Loading MPS to PDF converter (version 2006.09.02).]
\scratchcounter=\count123
\scratchdimen=\dimen171
\scratchbox=\box40
\nofMPsegments=\count124
\nofMParguments=\count125
\everyMPshowfont=\toks30
\MPscratchCnt=\count126
\MPscratchDim=\dimen172
\MPnumerator=\count127
\makeMPintoPDFobject=\count128
\everyMPtoPDFconversion=\toks31
) (/usr/local/texlive/2015/texmf-dist/tex/latex/oberdiek/epstopdf-base.sty
Package: epstopdf-base 2010/02/09 v2.5 Base part for package epstopdf

(/usr/local/texlive/2015/texmf-dist/tex/latex/oberdiek/grfext.sty
Package: grfext 2010/08/19 v1.1 Manage graphics extensions (HO)
)
Package grfext Info: Graphics extension search list:
(grfext)             [.png,.pdf,.jpg,.mps,.jpeg,.jbig2,.jb2,.PNG,.PDF,.JPG,.JPE
G,.JBIG2,.JB2,.eps]
(grfext)             \AppendGraphicsExtensions on input line 452.

(/usr/local/texlive/2015/texmf-dist/tex/latex/latexconfig/epstopdf-sys.cfg
File: epstopdf-sys.cfg 2010/07/13 v1.3 Configuration of (r)epstopdf for TeX Liv
e
))
ABD: EveryShipout initializing macros
\AtBeginShipoutBox=\box41
Package hyperref Info: Link coloring ON on input line 24.

(/usr/local/texlive/2015/texmf-dist/tex/latex/hyperref/nameref.sty
Package: nameref 2012/10/27 v2.43 Cross-referencing by name of section

(/usr/local/texlive/2015/texmf-dist/tex/generic/oberdiek/gettitlestring.sty
Package: gettitlestring 2010/12/03 v1.4 Cleanup title references (HO)
)
\c@section@level=\count129
)
LaTeX Info: Redefining \ref on input line 24.
LaTeX Info: Redefining \pageref on input line 24.
LaTeX Info: Redefining \nameref on input line 24.

(./unswthesiold.out) (./unswthesiold.out)
\@outlinefile=\write4
\openout4 = `unswthesiold.out'.


<unsw-logo.jpg, id=252, 401.5pt x 401.5pt>
File: unsw-logo.jpg Graphic file (type jpg)
 <use unsw-logo.jpg>
Package pdftex.def Info: unsw-logo.jpg used on input line 37.
(pdftex.def)             Requested size: 142.26698pt x 142.26378pt.


Package hyperref Warning: Token not allowed in a PDF string (PDFDocEncoding):
(hyperref)                removing `\spacefactor' on input line 38.


Package hyperref Warning: Token not allowed in a PDF string (PDFDocEncoding):
(hyperref)                removing `\@m' on input line 38.


Package hyperref Warning: Token not allowed in a PDF string (PDFDocEncoding):
(hyperref)                removing `\c@page' on input line 38.


Package hyperref Warning: Token not allowed in a PDF string (PDFDocEncoding):
(hyperref)                removing `\spacefactor' on input line 38.


Package hyperref Warning: Token not allowed in a PDF string (PDFDocEncoding):
(hyperref)                removing `\@m' on input line 38.


Package hyperref Warning: Token not allowed in a PDF string (PDFDocEncoding):
(hyperref)                removing `\c@page' on input line 38.

[1


{/usr/local/texlive/2015/texmf-var/fonts/map/pdftex/updmap/pdftex.map} <./unsw-
logo.jpg>]
! Missing number, treated as zero.
<to be read again> 
                   }
l.55 \clearpage
               
? 

Package hyperref Warning: Token not allowed in a PDF string (PDFDocEncoding):
(hyperref)                removing `\spacefactor' on input line 55.


Package hyperref Warning: Token not allowed in a PDF string (PDFDocEncoding):
(hyperref)                removing `\@m' on input line 55.


Package hyperref Warning: Token not allowed in a PDF string (PDFDocEncoding):
(hyperref)                removing `\c@page' on input line 55.


Package hyperref Warning: Token not allowed in a PDF string (PDFDocEncoding):
(hyperref)                removing `\spacefactor' on input line 55.


Package hyperref Warning: Token not allowed in a PDF string (PDFDocEncoding):
(hyperref)                removing `\@m' on input line 55.


Package hyperref Warning: Token not allowed in a PDF string (PDFDocEncoding):
(hyperref)                removing `\c@page' on input line 55.

pdfTeX warning (ext4): destination with the same identifier (name{page.}) has b
een already used, duplicate ignored
<to be read again> 
                   \relax 
l.55 \clearpage
                [1]
LaTeX Font Info:    Try loading font information for OML+lmm on input line 57.
 (/usr/local/texlive/2015/texmf-dist/tex/latex/lm/omllmm.fd
File: omllmm.fd 2009/10/30 v1.6 Font defs for Latin Modern
)
LaTeX Font Info:    Try loading font information for OMS+lmsy on input line 57.

(/usr/local/texlive/2015/texmf-dist/tex/latex/lm/omslmsy.fd
File: omslmsy.fd 2009/10/30 v1.6 Font defs for Latin Modern
)
LaTeX Font Info:    Try loading font information for OMX+lmex on input line 57.


(/usr/local/texlive/2015/texmf-dist/tex/latex/lm/omxlmex.fd
File: omxlmex.fd 2009/10/30 v1.6 Font defs for Latin Modern
)
LaTeX Font Info:    External font `lmex10' loaded for size
(Font)              <10.95> on input line 57.
LaTeX Font Info:    External font `lmex10' loaded for size
(Font)              <8> on input line 57.
LaTeX Font Info:    External font `lmex10' loaded for size
(Font)              <6> on input line 57.
LaTeX Font Info:    External font `lmex10' loaded for size
(Font)              <12> on input line 59.

! Missing number, treated as zero.
<to be read again> 
                   }
l.60 \clearpage
               
? r
OK, entering \nonstopmode...

Package hyperref Warning: Token not allowed in a PDF string (PDFDocEncoding):
(hyperref)                removing `\spacefactor' on input line 60.


Package hyperref Warning: Token not allowed in a PDF string (PDFDocEncoding):
(hyperref)                removing `\@m' on input line 60.


Package hyperref Warning: Token not allowed in a PDF string (PDFDocEncoding):
(hyperref)                removing `\c@page' on input line 60.


Package hyperref Warning: Token not allowed in a PDF string (PDFDocEncoding):
(hyperref)                removing `\spacefactor' on input line 60.


Package hyperref Warning: Token not allowed in a PDF string (PDFDocEncoding):
(hyperref)                removing `\@m' on input line 60.


Package hyperref Warning: Token not allowed in a PDF string (PDFDocEncoding):
(hyperref)                removing `\c@page' on input line 60.

pdfTeX warning (ext4): destination with the same identifier (name{page.}) has b
een already used, duplicate ignored
<to be read again> 
                   \relax 
l.60 \clearpage
                [2

]
Overfull \hbox (56.41628pt too wide) in paragraph at lines 62--73
[]$[]$ 
 []

! Missing number, treated as zero.
<to be read again> 
                   }
l.73 \clearpage
               
A number should have been here; I inserted `0'.
(If you can't figure out why I needed to see a number,
look up `weird error' in the index to The TeXbook.)


Package hyperref Warning: Token not allowed in a PDF string (PDFDocEncoding):
(hyperref)                removing `\spacefactor' on input line 73.


Package hyperref Warning: Token not allowed in a PDF string (PDFDocEncoding):
(hyperref)                removing `\@m' on input line 73.


Package hyperref Warning: Token not allowed in a PDF string (PDFDocEncoding):
(hyperref)                removing `\c@page' on input line 73.


Package hyperref Warning: Token not allowed in a PDF string (PDFDocEncoding):
(hyperref)                removing `\spacefactor' on input line 73.


Package hyperref Warning: Token not allowed in a PDF string (PDFDocEncoding):
(hyperref)                removing `\@m' on input line 73.


Package hyperref Warning: Token not allowed in a PDF string (PDFDocEncoding):
(hyperref)                removing `\c@page' on input line 73.

pdfTeX warning (ext4): destination with the same identifier (name{page.}) has b
een already used, duplicate ignored
<to be read again> 
                   \relax 
l.73 \clearpage
                [3

] (./unswthesiold.toc
! Missing number, treated as zero.
<to be read again> 
                   \hfil 
l.25 ...tructures and algorithms}{28}{section.3.5}
                                                  
A number should have been here; I inserted `0'.
(If you can't figure out why I needed to see a number,
look up `weird error' in the index to The TeXbook.)


Package hyperref Warning: Token not allowed in a PDF string (PDFDocEncoding):
(hyperref)                removing `\spacefactor' on input line 25.


Package hyperref Warning: Token not allowed in a PDF string (PDFDocEncoding):
(hyperref)                removing `\@m' on input line 25.


Package hyperref Warning: Token not allowed in a PDF string (PDFDocEncoding):
(hyperref)                removing `\c@page' on input line 25.


Package hyperref Warning: Token not allowed in a PDF string (PDFDocEncoding):
(hyperref)                removing `\spacefactor' on input line 25.


Package hyperref Warning: Token not allowed in a PDF string (PDFDocEncoding):
(hyperref)                removing `\@m' on input line 25.


Package hyperref Warning: Token not allowed in a PDF string (PDFDocEncoding):
(hyperref)                removing `\c@page' on input line 25.

pdfTeX warning (ext4): destination with the same identifier (name{page.}) has b
een already used, duplicate ignored
<to be read again> 
                   \relax 
l.25 ...tructures and algorithms}{28}{section.3.5}
                                                   [4


]
! Missing number, treated as zero.
<to be read again> 
                   }
l.54 ...{A.2.1}xt\_MCAST.h.}{46}{subsection.A.2.1}
                                                  
A number should have been here; I inserted `0'.
(If you can't figure out why I needed to see a number,
look up `weird error' in the index to The TeXbook.)


Package hyperref Warning: Token not allowed in a PDF string (PDFDocEncoding):
(hyperref)                removing `\spacefactor' on input line 54.


Package hyperref Warning: Token not allowed in a PDF string (PDFDocEncoding):
(hyperref)                removing `\@m' on input line 54.


Package hyperref Warning: Token not allowed in a PDF string (PDFDocEncoding):
(hyperref)                removing `\c@page' on input line 54.


Package hyperref Warning: Token not allowed in a PDF string (PDFDocEncoding):
(hyperref)                removing `\spacefactor' on input line 54.


Package hyperref Warning: Token not allowed in a PDF string (PDFDocEncoding):
(hyperref)                removing `\@m' on input line 54.


Package hyperref Warning: Token not allowed in a PDF string (PDFDocEncoding):
(hyperref)                removing `\c@page' on input line 54.

pdfTeX warning (ext4): destination with the same identifier (name{page.}) has b
een already used, duplicate ignored
<to be read again> 
                   \relax 
l.54 ...{A.2.1}xt\_MCAST.h.}{46}{subsection.A.2.1}
                                                   [5])
\tf@toc=\write5
\openout5 = `unswthesiold.toc'.


! Missing number, treated as zero.
<to be read again> 
                   }
l.76 \listoffigures
                   {}
A number should have been here; I inserted `0'.
(If you can't figure out why I needed to see a number,
look up `weird error' in the index to The TeXbook.)


Package hyperref Warning: Token not allowed in a PDF string (PDFDocEncoding):
(hyperref)                removing `\spacefactor' on input line 76.


Package hyperref Warning: Token not allowed in a PDF string (PDFDocEncoding):
(hyperref)                removing `\@m' on input line 76.


Package hyperref Warning: Token not allowed in a PDF string (PDFDocEncoding):
(hyperref)                removing `\c@page' on input line 76.


Package hyperref Warning: Token not allowed in a PDF string (PDFDocEncoding):
(hyperref)                removing `\spacefactor' on input line 76.


Package hyperref Warning: Token not allowed in a PDF string (PDFDocEncoding):
(hyperref)                removing `\@m' on input line 76.


Package hyperref Warning: Token not allowed in a PDF string (PDFDocEncoding):
(hyperref)                removing `\c@page' on input line 76.

pdfTeX warning (ext4): destination with the same identifier (name{page.}) has b
een already used, duplicate ignored
<to be read again> 
                   \relax 
l.76 \listoffigures
                   {} [6] (./unswthesiold.lof)
\tf@lof=\write6
\openout6 = `unswthesiold.lof'.


! Missing number, treated as zero.
<to be read again> 
                   \hfil 
l.77 \listoftables
                  {}
A number should have been here; I inserted `0'.
(If you can't figure out why I needed to see a number,
look up `weird error' in the index to The TeXbook.)


Package hyperref Warning: Token not allowed in a PDF string (PDFDocEncoding):
(hyperref)                removing `\spacefactor' on input line 77.


Package hyperref Warning: Token not allowed in a PDF string (PDFDocEncoding):
(hyperref)                removing `\@m' on input line 77.


Package hyperref Warning: Token not allowed in a PDF string (PDFDocEncoding):
(hyperref)                removing `\c@page' on input line 77.


Package hyperref Warning: Token not allowed in a PDF string (PDFDocEncoding):
(hyperref)                removing `\spacefactor' on input line 77.


Package hyperref Warning: Token not allowed in a PDF string (PDFDocEncoding):
(hyperref)                removing `\@m' on input line 77.


Package hyperref Warning: Token not allowed in a PDF string (PDFDocEncoding):
(hyperref)                removing `\c@page' on input line 77.

pdfTeX warning (ext4): destination with the same identifier (name{page.}) has b
een already used, duplicate ignored
<to be read again> 
                   \relax 
l.77 \listoftables
                  {} [7

] (./unswthesiold.lot)
\tf@lot=\write7
\openout7 = `unswthesiold.lot'.


! Missing number, treated as zero.
<to be read again> 
                   \hfil 
l.78 \chapter
             {Introduction}
A number should have been here; I inserted `0'.
(If you can't figure out why I needed to see a number,
look up `weird error' in the index to The TeXbook.)


Package hyperref Warning: Token not allowed in a PDF string (PDFDocEncoding):
(hyperref)                removing `\spacefactor' on input line 78.


Package hyperref Warning: Token not allowed in a PDF string (PDFDocEncoding):
(hyperref)                removing `\@m' on input line 78.


Package hyperref Warning: Token not allowed in a PDF string (PDFDocEncoding):
(hyperref)                removing `\c@page' on input line 78.


Package hyperref Warning: Token not allowed in a PDF string (PDFDocEncoding):
(hyperref)                removing `\spacefactor' on input line 78.


Package hyperref Warning: Token not allowed in a PDF string (PDFDocEncoding):
(hyperref)                removing `\@m' on input line 78.


Package hyperref Warning: Token not allowed in a PDF string (PDFDocEncoding):
(hyperref)                removing `\c@page' on input line 78.

pdfTeX warning (ext4): destination with the same identifier (name{page.}) has b
een already used, duplicate ignored
<to be read again> 
                   \relax 
l.78 \chapter
             {Introduction} [8

]
Chapter 1.
LaTeX Font Info:    Try loading font information for OMS+lmr on input line 99.
(/usr/local/texlive/2015/texmf-dist/tex/latex/lm/omslmr.fd
File: omslmr.fd 2009/10/30 v1.6 Font defs for Latin Modern
)
LaTeX Font Info:    Font shape `OMS/lmr/m/n' in size <10.95> not available
(Font)              Font shape `OMS/lmsy/m/n' tried instead on input line 99.
 [1

] (./diag01.tex
\du=\skip55
)
Overfull \hbox (88.44315pt too wide) in paragraph at lines 36154--115
[][] 
 []

[2] [3pdfTeX warning (ext4): destination with the same identifier (name{figure.
1.1}) has been already used, duplicate ignored

\@EveryShipout@Output ...@Org@Shipout \box \@cclv 
                                                  
l.115 ...ivery methods}\end{figure}\end{flushleft}
                                                  ] [4]
Overfull \hbox (9.25664pt too wide) in paragraph at lines 173--175
[]\OT1/lmr/m/n/10.95 To pro-tect client (in-sider) group mem-bers from un-wante
d traf-fic (individ-
 []

[5] [6] [7] [8]
Chapter 2.
[9

]
Overfull \hbox (78.12158pt too wide) has occurred while \output is active
\OT1/lmr/m/sl/10.95 CHAPTER 2.  BACKGROUND: PROTOCOLS, FIREWALLS AND RELATED WO
RKS \OT1/lmr/m/n/10.95 10
 []

[10]
Overfull \hbox (78.12158pt too wide) has occurred while \output is active
\OT1/lmr/m/sl/10.95 CHAPTER 2.  BACKGROUND: PROTOCOLS, FIREWALLS AND RELATED WO
RKS \OT1/lmr/m/n/10.95 11
 []

[11]
LaTeX Font Info:    External font `lmex10' loaded for size
(Font)              <9> on input line 473.
LaTeX Font Info:    External font `lmex10' loaded for size
(Font)              <5> on input line 473.

Underfull \hbox (badness 2310) in paragraph at lines 489--489
[][]\OT1/lmr/m/n/9 Hard to claim but a lit-tle re-search on the ker-nel mail-in
g list will show.
 []


Overfull \hbox (78.12158pt too wide) has occurred while \output is active
\OT1/lmr/m/sl/10.95 CHAPTER 2.  BACKGROUND: PROTOCOLS, FIREWALLS AND RELATED WO
RKS \OT1/lmr/m/n/10.95 12
 []

[12]
Overfull \hbox (78.12158pt too wide) has occurred while \output is active
\OT1/lmr/m/sl/10.95 CHAPTER 2.  BACKGROUND: PROTOCOLS, FIREWALLS AND RELATED WO
RKS \OT1/lmr/m/n/10.95 13
 []

[13] (./mpathdiag.tex)
Underfull \hbox (badness 10000) in paragraph at lines 519--539

 []


Overfull \hbox (78.12158pt too wide) has occurred while \output is active
\OT1/lmr/m/sl/10.95 CHAPTER 2.  BACKGROUND: PROTOCOLS, FIREWALLS AND RELATED WO
RKS \OT1/lmr/m/n/10.95 14
 []

[14pdfTeX warning (ext4): destination with the same identifier (name{figure.2.1
}) has been already used, duplicate ignored

\@EveryShipout@Output ...@Org@Shipout \box \@cclv 
                                                  
l.539 \begin{flushleft}
                       \begin{figure}[H]\input{mcastpretree.tex}\caption{Mul...
] (./mcastpretree.tex)
Overfull \hbox (121.82166pt too wide) in paragraph at lines 50109--539
[][]
 []


Overfull \hbox (78.12158pt too wide) has occurred while \output is active
\OT1/lmr/m/sl/10.95 CHAPTER 2.  BACKGROUND: PROTOCOLS, FIREWALLS AND RELATED WO
RKS \OT1/lmr/m/n/10.95 15
 []

[15]
Overfull \hbox (78.12158pt too wide) has occurred while \output is active
\OT1/lmr/m/sl/10.95 CHAPTER 2.  BACKGROUND: PROTOCOLS, FIREWALLS AND RELATED WO
RKS \OT1/lmr/m/n/10.95 16
 []

[16pdfTeX warning (ext4): destination with the same identifier (name{figure.2.2
}) has been already used, duplicate ignored

\@EveryShipout@Output ...@Org@Shipout \box \@cclv 
                                                  
l.557 ...Any source vs. Source Specific Multicast}
                                                  ]
Overfull \hbox (78.12158pt too wide) has occurred while \output is active
\OT1/lmr/m/sl/10.95 CHAPTER 2.  BACKGROUND: PROTOCOLS, FIREWALLS AND RELATED WO
RKS \OT1/lmr/m/n/10.95 17
 []

[17]
Overfull \hbox (78.12158pt too wide) has occurred while \output is active
\OT1/lmr/m/sl/10.95 CHAPTER 2.  BACKGROUND: PROTOCOLS, FIREWALLS AND RELATED WO
RKS \OT1/lmr/m/n/10.95 18
 []

[18] (./dnsbas.tex)
Overfull \hbox (78.12158pt too wide) has occurred while \output is active
\OT1/lmr/m/sl/10.95 CHAPTER 2.  BACKGROUND: PROTOCOLS, FIREWALLS AND RELATED WO
RKS \OT1/lmr/m/n/10.95 19
 []

[19pdfTeX warning (ext4): destination with the same identifier (name{figure.2.3
}) has been already used, duplicate ignored

\@EveryShipout@Output ...@Org@Shipout \box \@cclv 
                                                  
l.649 \begin{itemize}
                     ]
Overfull \hbox (78.12158pt too wide) has occurred while \output is active
\OT1/lmr/m/sl/10.95 CHAPTER 2.  BACKGROUND: PROTOCOLS, FIREWALLS AND RELATED WO
RKS \OT1/lmr/m/n/10.95 20
 []

[20]
Chapter 3.

Underfull \hbox (badness 10000) in paragraph at lines 661--661

 []

[21

] [22] [23] <xtables.png, id=480, 1028.84375pt x 602.25pt>
File: xtables.png Graphic file (type png)

<use xtables.png>
Package pdftex.def Info: xtables.png used on input line 794.
(pdftex.def)             Requested size: 468.0011pt x 273.95065pt.

Overfull \hbox (108.0011pt too wide) in paragraph at lines 794--795
[][]
 []

[24] [25pdfTeX warning (ext4): destination with the same identifier (name{figur
e.3.1}) has been already used, duplicate ignored

\@EveryShipout@Output ...@Org@Shipout \box \@cclv 
                                                  
l.811 \item F
             ORWARD: Packets not going to the local machine (e.g., packets g...
 <./xtables.png>] (./dynamicmcast.tex) [26] [27pdfTeX warning (ext4): destinati
on with the same identifier (name{figure.3.2}) has been already used, duplicate
 ignored

\@EveryShipout@Output ...@Org@Shipout \box \@cclv 
                                                  
l.850 
      ] [28]
LaTeX Font Info:    Try loading font information for OT1+lmtt on input line 881
.
 (/usr/local/texlive/2015/texmf-dist/tex/latex/lm/ot1lmtt.fd
File: ot1lmtt.fd 2009/10/30 v1.6 Font defs for Latin Modern
)
(./chapter4.tex [29] [30]
Chapter 4.
[31

] [32] [33] [34] [35]) (./chapter5.tex [36]
Chapter 5.

Overfull \hbox (5.51622pt too wide) in paragraph at lines 11--12
[]\OT1/lmr/m/n/10.95 Iptables Net-fil-ter Mod-ules as out-lined in the README i
n Ap-pendixA.1. 
 []

[37

]
! Missing $ inserted.
<inserted text> 
                $
l.53 Time (\mu
               s)& 2 & 3 & 4 & 5 & 8 & 9 & 24 & 45 & 60 & 150\\
I've inserted a begin-math/end-math symbol since I think
you left one out. Proceed, with fingers crossed.

! Extra }, or forgotten $.
<template> \unskip \hfil }
                          \hskip \tabcolsep \hskip -.5\arrayrulewidth \vrule...
l.53 Time (\mu s)&
                   2 & 3 & 4 & 5 & 8 & 9 & 24 & 45 & 60 & 150\\
I've deleted a group-closing symbol because it seems to be
spurious, as in `$x}$'. But perhaps the } is legitimate and
you forgot something else, as in `\hbox{$x}'. In such cases
the way to recover is to insert both the forgotten and the
deleted material, e.g., by typing `I$}'.

! Missing $ inserted.
<inserted text> 
                $
l.53 Time (\mu s)&
                   2 & 3 & 4 & 5 & 8 & 9 & 24 & 45 & 60 & 150\\
I've inserted a begin-math/end-math symbol since I think
you left one out. Proceed, with fingers crossed.

! Missing } inserted.
<inserted text> 
                }
l.53 Time (\mu s)&
                   2 & 3 & 4 & 5 & 8 & 9 & 24 & 45 & 60 & 150\\
I've inserted something that you may have forgotten.
(See the <inserted text> above.)
With luck, this will get me unwedged. But if you
really didn't forget anything, try typing `2' now; then
my insertion and my current dilemma will both disappear.


! LaTeX Error: \caption outside float.

See the LaTeX manual or LaTeX Companion for explanation.
Type  H <return>  for immediate help.
 ...                                              
                                                  
l.55 \caption
             {Number of clients vs raw processing time}
You're in trouble here.  Try typing  <return>  to proceed.
If that doesn't work, type  X <return>  to quit.

! Undefined control sequence.
\caption ... \endcsname \fi \fi \@dblarg {\@tempf 
                                                  \@captype }
l.55 \caption
             {Number of clients vs raw processing time}
The control sequence at the end of the top line
of your error message was never \def'ed. If you have
misspelled it (e.g., `\hobx'), type `I' and the correct
spelling (e.g., `I\hbox'). Otherwise just continue,
and I'll forget about whatever was undefined.

! Undefined control sequence.
\caption ...e \fi \fi \@dblarg {\@tempf \@captype 
                                                  }
l.55 \caption
             {Number of clients vs raw processing time}
The control sequence at the end of the top line
of your error message was never \def'ed. If you have
misspelled it (e.g., `\hobx'), type `I' and the correct
spelling (e.g., `I\hbox'). Otherwise just continue,
and I'll forget about whatever was undefined.


Overfull \hbox (457.01192pt too wide) in paragraph at lines 47--57
\OT1/lmr/m/n/10.95 We keep num-ber of groups at 100 and num-ber of sources 1000
0 [] 
 []


Underfull \hbox (badness 10000) in paragraph at lines 47--57

 []

[38]
! Missing $ inserted.
<inserted text> 
                $
l.78 Time (\mu
               s)& 5 & 8 & 10 & 10 & 11 & 11 & 10 & 7\\
I've inserted a begin-math/end-math symbol since I think
you left one out. Proceed, with fingers crossed.

! Extra }, or forgotten $.
<template> \unskip \hfil }
                          \hskip \tabcolsep \hskip -.5\arrayrulewidth \vrule...
l.78 Time (\mu s)&
                   5 & 8 & 10 & 10 & 11 & 11 & 10 & 7\\
I've deleted a group-closing symbol because it seems to be
spurious, as in `$x}$'. But perhaps the } is legitimate and
you forgot something else, as in `\hbox{$x}'. In such cases
the way to recover is to insert both the forgotten and the
deleted material, e.g., by typing `I$}'.

! Missing $ inserted.
<inserted text> 
                $
l.78 Time (\mu s)&
                   5 & 8 & 10 & 10 & 11 & 11 & 10 & 7\\
I've inserted a begin-math/end-math symbol since I think
you left one out. Proceed, with fingers crossed.

! Missing } inserted.
<inserted text> 
                }
l.78 Time (\mu s)&
                   5 & 8 & 10 & 10 & 11 & 11 & 10 & 7\\
I've inserted something that you may have forgotten.
(See the <inserted text> above.)
With luck, this will get me unwedged. But if you
really didn't forget anything, try typing `2' now; then
my insertion and my current dilemma will both disappear.


! LaTeX Error: \caption outside float.

See the LaTeX manual or LaTeX Companion for explanation.
Type  H <return>  for immediate help.
 ...                                              
                                                  
l.80 \caption
             {Number of groups vs raw processing time}
You're in trouble here.  Try typing  <return>  to proceed.
If that doesn't work, type  X <return>  to quit.

! Undefined control sequence.
\caption ... \endcsname \fi \fi \@dblarg {\@tempf 
                                                  \@captype }
l.80 \caption
             {Number of groups vs raw processing time}
The control sequence at the end of the top line
of your error message was never \def'ed. If you have
misspelled it (e.g., `\hobx'), type `I' and the correct
spelling (e.g., `I\hbox'). Otherwise just continue,
and I'll forget about whatever was undefined.

! Undefined control sequence.
\caption ...e \fi \fi \@dblarg {\@tempf \@captype 
                                                  }
l.80 \caption
             {Number of groups vs raw processing time}
The control sequence at the end of the top line
of your error message was never \def'ed. If you have
misspelled it (e.g., `\hobx'), type `I' and the correct
spelling (e.g., `I\hbox'). Otherwise just continue,
and I'll forget about whatever was undefined.


Overfull \hbox (72.90977pt too wide) in paragraph at lines 71--93
[] 
 []

! Missing $ inserted.
<inserted text> 
                $
l.100 Time (\mu
                s)& 5 & 6 & 10 & 8 & 11 & 10 & 10 & 7 & 6\\
I've inserted a begin-math/end-math symbol since I think
you left one out. Proceed, with fingers crossed.

! Extra }, or forgotten $.
<template> \unskip \hfil }
                          \hskip \tabcolsep \hskip -.5\arrayrulewidth \vrule...
l.100 Time (\mu s)&
                    5 & 6 & 10 & 8 & 11 & 10 & 10 & 7 & 6\\
I've deleted a group-closing symbol because it seems to be
spurious, as in `$x}$'. But perhaps the } is legitimate and
you forgot something else, as in `\hbox{$x}'. In such cases
the way to recover is to insert both the forgotten and the
deleted material, e.g., by typing `I$}'.

! Missing $ inserted.
<inserted text> 
                $
l.100 Time (\mu s)&
                    5 & 6 & 10 & 8 & 11 & 10 & 10 & 7 & 6\\
I've inserted a begin-math/end-math symbol since I think
you left one out. Proceed, with fingers crossed.

! Missing } inserted.
<inserted text> 
                }
l.100 Time (\mu s)&
                    5 & 6 & 10 & 8 & 11 & 10 & 10 & 7 & 6\\
I've inserted something that you may have forgotten.
(See the <inserted text> above.)
With luck, this will get me unwedged. But if you
really didn't forget anything, try typing `2' now; then
my insertion and my current dilemma will both disappear.


Underfull \hbox (badness 10000) in paragraph at lines 93--103

 []

[39]) (./chapter6.tex [40]
Chapter 6.
[41

]) (./chapter7.tex [42]
Chapter 7.
) (./chapter8.tex [43

]
Chapter 8.
[44

]
Appendix A.

Overfull \hbox (1.1062pt too wide) in paragraph at lines 21--23
\OT1/lmr/m/n/10.95 from http://jengelh.medozas.de/ xtables-addons which seeks t
o pro-vide that. 
 []


Overfull \hbox (88.40121pt too wide) in paragraph at lines 50--50
[]\OT1/lmtt/m/n/10.95 This module provides a filter for incoming multicast traf
fic by doing the f/g:[] 
 []


Overfull \hbox (105.64742pt too wide) in paragraph at lines 50--50
[]\OT1/lmtt/m/n/10.95 1. Snooping Subscibe (or join) messages and storing the c
lient by its group hash.[] 
 []


Overfull \hbox (88.40121pt too wide) in paragraph at lines 50--50
[]\OT1/lmtt/m/n/10.95 to pierce a hole for the multicast (which can be seen in 
the second last line)[] 
 []


Overfull \hbox (59.65755pt too wide) in paragraph at lines 50--50
[]\OT1/lmtt/m/n/10.95 3. When multicast trafffic come we hash both group and so
urce address and[] 
 []

[45

]
Overfull \hbox (105.64742pt too wide) in paragraph at lines 50--50
[]\OT1/lmtt/m/n/10.95 Start extra vlc. Try to open the video on open network an
d entering the streaming[] 
 []


Overfull \hbox (2.17021pt too wide) in paragraph at lines 50--50
[]\OT1/lmtt/m/n/10.95 Then do the following (after changing the 192.x.x.x to yo
ur ip)[] 
 []


Overfull \hbox (19.41641pt too wide) in paragraph at lines 50--50
[]\OT1/lmtt/m/n/10.95 You can download the code by using git. At the terminal t
ype (this[] 
 []

[46]
Overfull \hbox (30.91388pt too wide) in paragraph at lines 411--411
[]\OT1/lmtt/m/n/10.95 static struct hlist_node *get_headnode(struct mtable *t, 
uint32_t h)[] 
 []

[47]
Overfull \hbox (36.66261pt too wide) in paragraph at lines 411--411
[]\OT1/lmtt/m/n/10.95 if (temp_entry != NULL && time_after(jiffies, temp_entry-
>timeout)) {[] 
 []


Overfull \hbox (13.66768pt too wide) in paragraph at lines 411--411
[]\OT1/lmtt/m/n/10.95 //the first time this we want to delete all but the first
 expired[] 
 []

[48]
Overfull \hbox (13.66768pt too wide) in paragraph at lines 411--411
[]\OT1/lmtt/m/n/10.95 static inline uint32_t mcast_hash(__be32 name, unsigned i
nt size)[] 
 []


Overfull \hbox (65.40628pt too wide) in paragraph at lines 411--411
[]\OT1/lmtt/m/n/10.95 static struct hlist_node *lookup(__be32 hkey, __be32 ip, 
struct mtable *t)[] 
 []


Overfull \hbox (48.16008pt too wide) in paragraph at lines 411--411
[]\OT1/lmtt/m/n/10.95 //use of the mutex should be appropriate here-Noisy Kerne
l unless new!![] 
 []

[49]
Overfull \hbox (42.41135pt too wide) in paragraph at lines 411--411
[]\OT1/lmtt/m/n/10.95 printk(NIPQUAD_FMT "->" NIPQUAD_FMT "\n", NIPQUAD(grp), N
IPQUAD(cli));[] 
 []

[50]
Overfull \hbox (7.91895pt too wide) in paragraph at lines 411--411
[]\OT1/lmtt/m/n/10.95 /* this probably will increase complexity and superflous 
somehow[] 
 []


Overfull \hbox (82.65248pt too wide) in paragraph at lines 411--411
[]\OT1/lmtt/m/n/10.95 //some clients may just join and leave straight away afte
r becoming last_seen[] 
 []


Overfull \hbox (42.41135pt too wide) in paragraph at lines 411--411
[]\OT1/lmtt/m/n/10.95 //The simple solution here is to make the head of the gro
up last_seen.[] 
 []

[51]
Overfull \hbox (7.91895pt too wide) in paragraph at lines 411--411
[]\OT1/lmtt/m/n/10.95 //check if there exists any client(s) that are mapped to 
msrc_ip[] 
 []


Overfull \hbox (19.41641pt too wide) in paragraph at lines 411--411
[]\OT1/lmtt/m/n/10.95 hlist_for_each_entry(msrc2cli, n, &msrc_hash->members[hs]
, node) {[] 
 []


Overfull \hbox (25.16515pt too wide) in paragraph at lines 411--411
[]\OT1/lmtt/m/n/10.95 hlist_for_each_entry(mgrp2cli, n2, &mgrp_hash->members[hg
], node) {[] 
 []

[52]
Overfull \hbox (30.91388pt too wide) in paragraph at lines 411--411
[]\OT1/lmtt/m/n/10.95 int igmp_handler(const struct iphdr *iph, const struct sk
_buff *skb)[] 
 []


Overfull \hbox (36.66261pt too wide) in paragraph at lines 411--411
[]\OT1/lmtt/m/n/10.95 //from IGMP_V2 to delete a group (ehnancement on Time int
erval timer)[] 
 []

[53]
Overfull \hbox (48.16008pt too wide) in paragraph at lines 411--411
[]\OT1/lmtt/m/n/10.95 t = kzalloc(sizeof(*t) + nmembers * sizeof(t->members[0])
, GFP_KERNEL);[] 
 []


Overfull \hbox (13.66768pt too wide) in paragraph at lines 411--411
[]\OT1/lmtt/m/n/10.95 static inline void delete_table(struct mtable *t, uint32_
t nsize)[] 
 []

[54]
Overfull \hbox (25.16515pt too wide) in paragraph at lines 411--411
[]\OT1/lmtt/m/n/10.95 return init_new_entry(mcli, mcli_ip, hs, msrc_hash, sourc
e_expire);[] 
 []


Overfull \hbox (19.41641pt too wide) in paragraph at lines 411--411
[]\OT1/lmtt/m/n/10.95 //broadcast also mcast so: skb->pkt_type==PACKET_MULTICAS
T check??[] 
 []

[55]
Overfull \hbox (7.91895pt too wide) in paragraph at lines 411--411
[]\OT1/lmtt/m/n/10.95 //the heartbeat protocol can be ICMP, or any other so lon
g as we[] 
 []

[56]
Overfull \hbox (48.16008pt too wide) in paragraph at lines 491--491
[]\OT1/lmtt/m/n/10.95 " --multicast-source-size value expected number of multic
ast sources\n"[] 
 []


Overfull \hbox (53.90881pt too wide) in paragraph at lines 491--491
[]\OT1/lmtt/m/n/10.95 " --multicast-group-size value expected number of multica
st groups \n");[] 
 []

[57] [58]
Overfull \hbox (2.17021pt too wide) in paragraph at lines 491--491
[]\OT1/lmtt/m/n/10.95 .userspacesize = XT_ALIGN(sizeof(struct xt_mcast_target_i
nfo)),[] 
 []

[59]
Overfull \hbox (82.65248pt too wide) in paragraph at lines 537--537
[]\OT1/lmtt/m/n/10.95 regular_CFLAGS := -D_LARGEFILE_SOURCE=1 -D_LARGE_FILES -D
_FILE_OFFSET_BITS=64[] 
 []


Overfull \hbox (25.16515pt too wide) in paragraph at lines 537--537
[]\OT1/lmtt/m/n/10.95 -Wmissing-prototypes -Wredundant-decls -Wshadow -Wstrict-
prototypes[] 
 []

[60]
Overfull \hbox (7.91895pt too wide) in paragraph at lines 537--537
[]\OT1/lmtt/m/n/10.95 ${CC} ${AM_DEPFLAGS} ${AM_CFLAGS} -D_INIT=lib$*_init -DPI
C -fPIC[] 
 []


Overfull \hbox (2.17021pt too wide) in paragraph at lines 554--554
[]\OT1/lmtt/m/n/10.95 #snoop ONLY igmp we don't care about outgoing Multicast t
raffic[] 
 []


Overfull \hbox (71.15501pt too wide) in paragraph at lines 554--554
[]\OT1/lmtt/m/n/10.95 #apply policy on incoming mcast traffic which is IGMP (it
 could be proxied)[] 
 []

[61]
Appendix B.
! You can't use `macro parameter character #' in horizontal mode.
l.562 (as opposed to kenel) application by #
                                            include :
Sorry, but I'm not programmed to handle this case;
I'll just pretend that you didn't ask for it.
If you're in the wrong mode, you might be able to
return to the right one by typing `I}' or `I$' or `I\par'.

! You can't use `macro parameter character #' in horizontal mode.
l.563 #
       define container_of(ptr, type, member) ({ \
Sorry, but I'm not programmed to handle this case;
I'll just pretend that you didn't ask for it.
If you're in the wrong mode, you might be able to
return to the right one by typing `I}' or `I$' or `I\par'.

! Missing $ inserted.
<inserted text> 
                $
l.563 #define container_
                        of(ptr, type, member) ({ \
I've inserted a begin-math/end-math symbol since I think
you left one out. Proceed, with fingers crossed.

! Missing { inserted.
<to be read again> 
                   _
l.564 const typeof( ((type *)0)->member ) *__
                                             mptr = (ptr);
A left brace was mandatory here, so I've put one in.
You might want to delete and/or insert some corrections
so that I will find a matching right brace soon.
(If you're confused by all this, try typing `I}' now.)

! Missing { inserted.
<to be read again> 
                   _
l.566 (type *)( (char *)__
                          mptr - offsetof(type,member) );})
A left brace was mandatory here, so I've put one in.
You might want to delete and/or insert some corrections
so that I will find a matching right brace soon.
(If you're confused by all this, try typing `I}' now.)

! You can't use `macro parameter character #' in math mode.
l.567 #
       define offsetof(TYPE, MEMBER) ((size_t) &((TYPE *)0)->MEMBER)
Sorry, but I'm not programmed to handle this case;
I'll just pretend that you didn't ask for it.
If you're in the wrong mode, you might be able to
return to the right one by typing `I}' or `I$' or `I\par'.

! Misplaced alignment tab character &.
l.567 #define offsetof(TYPE, MEMBER) ((size_t) &
                                                ((TYPE *)0)->MEMBER)
I can't figure out why you would want to use a tab mark
here. If you just want an ampersand, the remedy is
simple: Just type `I\&' now. But if some right brace
up above has ended a previous alignment prematurely,
you're probably due for more error messages, and you
might try typing `S' now just to see what is salvageable.

! Missing $ inserted.
<inserted text> 
                $
l.568 \section{Header File}
                           
I've inserted a begin-math/end-math symbol since I think
you left one out. Proceed, with fingers crossed.

! Missing } inserted.
<inserted text> 
                }
l.568 \section{Header File}
                           
I've inserted something that you may have forgotten.
(See the <inserted text> above.)
With luck, this will get me unwedged. But if you
really didn't forget anything, try typing `2' now; then
my insertion and my current dilemma will both disappear.

! Missing } inserted.
<inserted text> 
                }
l.568 \section{Header File}
                           
I've inserted something that you may have forgotten.
(See the <inserted text> above.)
With luck, this will get me unwedged. But if you
really didn't forget anything, try typing `2' now; then
my insertion and my current dilemma will both disappear.


Overfull \hbox (493.17192pt too wide) in paragraph at lines 556--568
\OT1/lmr/m/n/10.95 fine container$[]\OML/lmm/m/it/10.95 f\OT1/lmr/m/n/10.95 (\O
ML/lmm/m/it/10.95 ptr; type; member\OT1/lmr/m/n/10.95 )([]$ 
 []

[62

]
Overfull \hbox (19.41641pt too wide) in paragraph at lines 600--600
[]\OT1/lmtt/m/n/10.95 static inline uint32_t mcast_hash(__be32 name, unsigned i
nt size);[] 
 []


Overfull \hbox (71.15501pt too wide) in paragraph at lines 600--600
[]\OT1/lmtt/m/n/10.95 static struct hlist_node *lookup(__be32 hkey, __be32 ip, 
struct mtable *t);[] 
 []


Overfull \hbox (36.66261pt too wide) in paragraph at lines 600--600
[]\OT1/lmtt/m/n/10.95 static struct hlist_node *get_headnode(struct mtable *t, 
uint32_t h);[] 
 []


Overfull \hbox (13.66768pt too wide) in paragraph at lines 600--600
[]\OT1/lmtt/m/n/10.95 static unsigned int mcast_search(__be32 msrs_ip, __be32 m
grp_ip);[] 
 []


Overfull \hbox (19.41641pt too wide) in paragraph at lines 600--600
[]\OT1/lmtt/m/n/10.95 static inline void delete_table(struct mtable *t, uint32_
t nsize);[] 
 []

[63]
Overfull \hbox (19.41641pt too wide) in paragraph at lines 926--926
[]\OT1/lmtt/m/n/10.95 //2-minutes about the same timetime router will issue Gro
up Query.[] 
 []

[64]
Overfull \hbox (71.15501pt too wide) in paragraph at lines 926--926
[]\OT1/lmtt/m/n/10.95 //print_hash_list(mgrp_hash->members[mcast_hash(MCAST_GRP
_ID,group_size)]);[] 
 []

[65] [66]
Overfull \hbox (13.66768pt too wide) in paragraph at lines 926--926
[]\OT1/lmtt/m/n/10.95 //again here now we simulate a random source contacts our
 network[] 
 []


Overfull \hbox (13.66768pt too wide) in paragraph at lines 926--926
[]\OT1/lmtt/m/n/10.95 mcast_search(rand_src[rand() % sizes], rand_grp[rand() % 
sizeg]);[] 
 []

[67]
Overfull \hbox (25.16515pt too wide) in paragraph at lines 926--926
[]\OT1/lmtt/m/n/10.95 hlist_for_each_entry_safe(place, pos, temp, &t->members[h
], node) {[] 
 []


Overfull \hbox (13.66768pt too wide) in paragraph at lines 926--926
[]\OT1/lmtt/m/n/10.95 static inline uint32_t mcast_hash(__be32 name, unsigned i
nt size)[] 
 []


Overfull \hbox (65.40628pt too wide) in paragraph at lines 926--926
[]\OT1/lmtt/m/n/10.95 static struct hlist_node *lookup(__be32 hkey, __be32 ip, 
struct mtable *t)[] 
 []

[68]
Overfull \hbox (48.16008pt too wide) in paragraph at lines 926--926
[]\OT1/lmtt/m/n/10.95 //use of the mutex should be appropriate here-Noisy Kerne
l unless new!![] 
 []


Overfull \hbox (19.41641pt too wide) in paragraph at lines 926--926
[]\OT1/lmtt/m/n/10.95 hlist_for_each_entry_safe(entry, n, temp, &t->members[hke
y], node)[] 
 []


Overfull \hbox (30.91388pt too wide) in paragraph at lines 926--926
[]\OT1/lmtt/m/n/10.95 static struct hlist_node *get_headnode(struct mtable *t, 
uint32_t h)[] 
 []

[69]
Overfull \hbox (7.91895pt too wide) in paragraph at lines 926--926
[]\OT1/lmtt/m/n/10.95 static unsigned int mcast_search(__be32 msrc_ip, __be32 m
grp_ip)[] 
 []


Overfull \hbox (7.91895pt too wide) in paragraph at lines 926--926
[]\OT1/lmtt/m/n/10.95 //check if there exists any client(s) that are mapped to 
msrc_ip[] 
 []


Overfull \hbox (19.41641pt too wide) in paragraph at lines 926--926
[]\OT1/lmtt/m/n/10.95 hlist_for_each_entry(msrc2cli, n, &msrc_hash->members[hs]
, node) {[] 
 []


Overfull \hbox (25.16515pt too wide) in paragraph at lines 926--926
[]\OT1/lmtt/m/n/10.95 hlist_for_each_entry(mgrp2cli, n2, &mgrp_hash->members[hg
], node) {[] 
 []

[70] [71]
Overfull \hbox (13.66768pt too wide) in paragraph at lines 926--926
[]\OT1/lmtt/m/n/10.95 static inline void delete_table(struct mtable *t, uint32_
t nsize)[] 
 []


Overfull \hbox (25.16515pt too wide) in paragraph at lines 926--926
[]\OT1/lmtt/m/n/10.95 static unsigned int unicast_handler(__be32 mcli_ip, __be3
2 msrc_ip)[] 
 []


Overfull \hbox (25.16515pt too wide) in paragraph at lines 926--926
[]\OT1/lmtt/m/n/10.95 return init_new_entry(mcli, mcli_ip, hs, msrc_hash, sourc
e_expire);[] 
 []

[72]
Overfull \hbox (36.66261pt too wide) in paragraph at lines 926--926
[]\OT1/lmtt/m/n/10.95 fprintf(stream, "\n" "Usage: %s -c <ncli> " "-s <nsrc> \n
", argv[0]);[] 
 []


Overfull \hbox (42.41135pt too wide) in paragraph at lines 926--926
[]\OT1/lmtt/m/n/10.95 " -r, --percentage multicast connection percentage (from 
the above)\n"[] 
 []

[73]
Underfull \hbox (badness 10000) in paragraph at lines 941--943
[]\OT1/lmr/m/n/10.95 W. Fen-ner. In-ter-net Group Man-age-ment Pro-to-col, Ver-
sion
 []


Underfull \hbox (badness 10000) in paragraph at lines 941--943
\OT1/lmr/m/n/10.95 2. Re-quest For Com-ments (RFC) 2236, Novem-ber 1997.
 []

[74


]
Overfull \hbox (171.01685pt too wide) in paragraph at lines 954--956
[]\OT1/lmr/m/n/10.95 SSM-Mapping, http://www.cisco.com/en/US/docs/ios/ipmulti/c
onfiguration/guide/imc[]ssm[]mapping.pdf
 []


Underfull \hbox (badness 2828) in paragraph at lines 958--960
[]\OT1/lmr/m/n/10.95 L. Oria. Ap-proaches to Mul-ti-cast over Fire-walls: An An
aly-
 []


Underfull \hbox (badness 1533) in paragraph at lines 958--960
\OT1/lmr/m/n/10.95 sis. Tech-ni-cal Re-port HPL- IRI-1999-004, HP Labs, Aug 199
9.
 []


Underfull \hbox (badness 10000) in paragraph at lines 958--960
\OT1/lmr/m/n/10.95 http://www.hpl.hp.com/techreports/1999/HPL-IRI-1999-004.html
.
 []


Underfull \hbox (badness 10000) in paragraph at lines 960--961
[]\OT1/lmr/m/n/10.95 IETF Mul-ti-cast Se-cu-rity (MSEC) work-ing group.
 []


Underfull \hbox (badness 10000) in paragraph at lines 964--965
[]\OT1/lmr/m/n/10.95 Bob Jenk-ins,A hash func-tion for hash Ta-ble
 []


Underfull \hbox (badness 1348) in paragraph at lines 965--967
[]\OT1/lmr/m/n/10.95 Paul Rus-sel and Har-ald Welte,Netfilter Hack-ing How-t
o:
 []


Underfull \hbox (badness 10000) in paragraph at lines 965--967
\OT1/lmr/m/n/10.95 http://www.netfilter.org/documentation/HOWTO/netfilter-hacki
ng-
 []

) [75]
Package atveryend Info: Empty hook `BeforeClearDocument' on input line 978.
Package atveryend Info: Empty hook `AfterLastShipout' on input line 978.
 (./unswthesiold.aux)
Package atveryend Info: Executing hook `AtVeryEndDocument' on input line 978.
Package atveryend Info: Executing hook `AtEndAfterFileList' on input line 978.
Package rerunfilecheck Info: File `unswthesiold.out' has not changed.
(rerunfilecheck)             Checksum: 561025E27D703285167EC1906067E98F;4298.
Package atveryend Info: Empty hook `AtVeryVeryEnd' on input line 978.
 ) 
Here is how much of TeX's memory you used:
 15873 strings out of 495004
 300242 string characters out of 6181035
 1719785 words of memory out of 5000000
 18610 multiletter control sequences out of 15000+600000
 59833 words of font info for 46 fonts, out of 8000000 for 9000
 14 hyphenation exceptions out of 8191
 48i,8n,54p,409b,7870s stack positions out of 5000i,500n,10000p,200000b,80000s
pdfTeX warning (dest): name{Hfootnote.12} has been referenced but does not ex
ist, replaced by a fixed one

pdfTeX warning (dest): name{Hfootnote.11} has been referenced but does not exis
t, replaced by a fixed one

pdfTeX warning (dest): name{Hfootnote.10} has been referenced but does not exis
t, replaced by a fixed one

pdfTeX warning (dest): name{Hfootnote.9} has been referenced but does not exist
, replaced by a fixed one

pdfTeX warning (dest): name{Hfootnote.8} has been referenced but does not exist
, replaced by a fixed one

pdfTeX warning (dest): name{Hfootnote.7} has been referenced but does not exist
, replaced by a fixed one

pdfTeX warning (dest): name{Hfootnote.6} has been referenced but does not exist
, replaced by a fixed one

pdfTeX warning (dest): name{Hfootnote.5} has been referenced but does not exist
, replaced by a fixed one

pdfTeX warning (dest): name{Hfootnote.4} has been referenced but does not exist
, replaced by a fixed one

pdfTeX warning (dest): name{Hfootnote.3} has been referenced but does not exist
, replaced by a fixed one

pdfTeX warning (dest): name{Hfootnote.2} has been referenced but does not exist
, replaced by a fixed one

pdfTeX warning (dest): name{Hfootnote.1} has been referenced but does not exist
, replaced by a fixed one

{/usr/local/texlive/2015/texmf-dist/fonts/enc/dvips/lm/lm-mathsy.enc}{/usr/loca
l/texlive/2015/texmf-dist/fonts/enc/dvips/lm/lm-mathit.enc}{/usr/local/texlive/
2015/texmf-dist/fonts/enc/dvips/lm/lm-rmtt.enc}{/usr/local/texlive/2015/texmf-d
ist/fonts/enc/dvips/lm/lm-rm.enc}</usr/local/texlive/2015/texmf-dist/fonts/type
1/public/lm/lmbx10.pfb></usr/local/texlive/2015/texmf-dist/fonts/type1/public/l
m/lmbx12.pfb></usr/local/texlive/2015/texmf-dist/fonts/type1/public/lm/lmmi10.p
fb></usr/local/texlive/2015/texmf-dist/fonts/type1/public/lm/lmmi6.pfb></usr/lo
cal/texlive/2015/texmf-dist/fonts/type1/public/lm/lmmi8.pfb></usr/local/texlive
/2015/texmf-dist/fonts/type1/public/lm/lmr10.pfb></usr/local/texlive/2015/texmf
-dist/fonts/type1/public/lm/lmr12.pfb></usr/local/texlive/2015/texmf-dist/fonts
/type1/public/lm/lmr17.pfb></usr/local/texlive/2015/texmf-dist/fonts/type1/publ
ic/lm/lmr6.pfb></usr/local/texlive/2015/texmf-dist/fonts/type1/public/lm/lmr8.p
fb></usr/local/texlive/2015/texmf-dist/fonts/type1/public/lm/lmr9.pfb></usr/loc
al/texlive/2015/texmf-dist/fonts/type1/public/lm/lmri10.pfb></usr/local/texlive
/2015/texmf-dist/fonts/type1/public/lm/lmro10.pfb></usr/local/texlive/2015/texm
f-dist/fonts/type1/public/lm/lmsy10.pfb></usr/local/texlive/2015/texmf-dist/fon
ts/type1/public/lm/lmsy6.pfb></usr/local/texlive/2015/texmf-dist/fonts/type1/pu
blic/lm/lmsy8.pfb></usr/local/texlive/2015/texmf-dist/fonts/type1/public/lm/lmt
t10.pfb>
Output written on unswthesiold.pdf (84 pages, 1116814 bytes).
PDF statistics:
 846 PDF objects out of 1000 (max. 8388607)
 732 compressed objects within 8 object streams
 182 named destinations out of 1000 (max. 500000)
 511 words of extra memory for PDF output out of 10000 (max. 10000000)

